ARM GAS  C:\Users\Nikola\AppData\Local\Temp\ccirHRVz.s 			page 1


   1              		.cpu cortex-m3
   2              		.arch armv7-m
   3              		.fpu softvfp
   4              		.eabi_attribute 20, 1
   5              		.eabi_attribute 21, 1
   6              		.eabi_attribute 23, 3
   7              		.eabi_attribute 24, 1
   8              		.eabi_attribute 25, 1
   9              		.eabi_attribute 26, 1
  10              		.eabi_attribute 30, 1
  11              		.eabi_attribute 34, 1
  12              		.eabi_attribute 18, 4
  13              		.file	"main.c"
  14              		.text
  15              	.Ltext0:
  16              		.cfi_sections	.debug_frame
  17              		.file 1 "Core/Src/main.c"
  18              		.section	.text.MX_GPIO_Init,"ax",%progbits
  19              		.align	1
  20              		.syntax unified
  21              		.thumb
  22              		.thumb_func
  24              	MX_GPIO_Init:
  25              	.LFB67:
   1:Core/Src/main.c **** /* USER CODE BEGIN Header */
   2:Core/Src/main.c **** /**
   3:Core/Src/main.c ****   ******************************************************************************
   4:Core/Src/main.c ****   * @file           : main.c
   5:Core/Src/main.c ****   * @brief          : Main program body
   6:Core/Src/main.c ****   ******************************************************************************
   7:Core/Src/main.c ****   * @attention
   8:Core/Src/main.c ****   *
   9:Core/Src/main.c ****   * Copyright (c) 2024 STMicroelectronics.
  10:Core/Src/main.c ****   * All rights reserved.
  11:Core/Src/main.c ****   *
  12:Core/Src/main.c ****   * This software is licensed under terms that can be found in the LICENSE file
  13:Core/Src/main.c ****   * in the root directory of this software component.
  14:Core/Src/main.c ****   * If no LICENSE file comes with this software, it is provided AS-IS.
  15:Core/Src/main.c ****   *
  16:Core/Src/main.c ****   ******************************************************************************
  17:Core/Src/main.c ****   */
  18:Core/Src/main.c **** /* USER CODE END Header */
  19:Core/Src/main.c **** /* Includes ------------------------------------------------------------------*/
  20:Core/Src/main.c **** #include "main.h"
  21:Core/Src/main.c **** 
  22:Core/Src/main.c **** /* Private includes ----------------------------------------------------------*/
  23:Core/Src/main.c **** /* USER CODE BEGIN Includes */
  24:Core/Src/main.c **** 
  25:Core/Src/main.c **** /* USER CODE END Includes */
  26:Core/Src/main.c **** 
  27:Core/Src/main.c **** /* Private typedef -----------------------------------------------------------*/
  28:Core/Src/main.c **** /* USER CODE BEGIN PTD */
  29:Core/Src/main.c **** 
  30:Core/Src/main.c **** /* USER CODE END PTD */
  31:Core/Src/main.c **** 
  32:Core/Src/main.c **** /* Private define ------------------------------------------------------------*/
  33:Core/Src/main.c **** /* USER CODE BEGIN PD */
ARM GAS  C:\Users\Nikola\AppData\Local\Temp\ccirHRVz.s 			page 2


  34:Core/Src/main.c **** 
  35:Core/Src/main.c **** /* USER CODE END PD */
  36:Core/Src/main.c **** 
  37:Core/Src/main.c **** /* Private macro -------------------------------------------------------------*/
  38:Core/Src/main.c **** /* USER CODE BEGIN PM */
  39:Core/Src/main.c **** 
  40:Core/Src/main.c **** /* USER CODE END PM */
  41:Core/Src/main.c **** 
  42:Core/Src/main.c **** /* Private variables ---------------------------------------------------------*/
  43:Core/Src/main.c **** 
  44:Core/Src/main.c **** /* USER CODE BEGIN PV */
  45:Core/Src/main.c **** 
  46:Core/Src/main.c **** /* USER CODE END PV */
  47:Core/Src/main.c **** 
  48:Core/Src/main.c **** /* Private function prototypes -----------------------------------------------*/
  49:Core/Src/main.c **** void SystemClock_Config(void);
  50:Core/Src/main.c **** static void MX_GPIO_Init(void);
  51:Core/Src/main.c **** /* USER CODE BEGIN PFP */
  52:Core/Src/main.c **** 
  53:Core/Src/main.c **** /* USER CODE END PFP */
  54:Core/Src/main.c **** 
  55:Core/Src/main.c **** /* Private user code ---------------------------------------------------------*/
  56:Core/Src/main.c **** /* USER CODE BEGIN 0 */
  57:Core/Src/main.c **** 
  58:Core/Src/main.c **** /* USER CODE END 0 */
  59:Core/Src/main.c **** 
  60:Core/Src/main.c **** /**
  61:Core/Src/main.c ****   * @brief  The application entry point.
  62:Core/Src/main.c ****   * @retval int
  63:Core/Src/main.c ****   */
  64:Core/Src/main.c **** int main(void)
  65:Core/Src/main.c **** {
  66:Core/Src/main.c ****   /* USER CODE BEGIN 1 */
  67:Core/Src/main.c **** 
  68:Core/Src/main.c ****   /* USER CODE END 1 */
  69:Core/Src/main.c **** 
  70:Core/Src/main.c ****   /* MCU Configuration--------------------------------------------------------*/
  71:Core/Src/main.c **** 
  72:Core/Src/main.c ****   /* Reset of all peripherals, Initializes the Flash interface and the Systick. */
  73:Core/Src/main.c ****   HAL_Init();
  74:Core/Src/main.c **** 
  75:Core/Src/main.c ****   /* USER CODE BEGIN Init */
  76:Core/Src/main.c **** 
  77:Core/Src/main.c ****   /* USER CODE END Init */
  78:Core/Src/main.c **** 
  79:Core/Src/main.c ****   /* Configure the system clock */
  80:Core/Src/main.c ****   SystemClock_Config();
  81:Core/Src/main.c **** 
  82:Core/Src/main.c ****   /* USER CODE BEGIN SysInit */
  83:Core/Src/main.c **** 
  84:Core/Src/main.c ****   /* USER CODE END SysInit */
  85:Core/Src/main.c **** 
  86:Core/Src/main.c ****   /* Initialize all configured peripherals */
  87:Core/Src/main.c ****   MX_GPIO_Init();
  88:Core/Src/main.c ****   /* USER CODE BEGIN 2 */
  89:Core/Src/main.c **** 
  90:Core/Src/main.c ****   /* USER CODE END 2 */
ARM GAS  C:\Users\Nikola\AppData\Local\Temp\ccirHRVz.s 			page 3


  91:Core/Src/main.c **** 
  92:Core/Src/main.c ****   /* Infinite loop */
  93:Core/Src/main.c ****   /* USER CODE BEGIN WHILE */
  94:Core/Src/main.c ****   while (1)
  95:Core/Src/main.c ****   {
  96:Core/Src/main.c ****     /* USER CODE END WHILE */
  97:Core/Src/main.c ****     HAL_GPIO_TogglePin(GPIOC, GPIO_PIN_13);
  98:Core/Src/main.c ****     HAL_Delay(500);
  99:Core/Src/main.c **** 
 100:Core/Src/main.c ****     /* USER CODE BEGIN 3 */
 101:Core/Src/main.c ****   }
 102:Core/Src/main.c ****   /* USER CODE END 3 */
 103:Core/Src/main.c **** }
 104:Core/Src/main.c **** 
 105:Core/Src/main.c **** /**
 106:Core/Src/main.c ****   * @brief System Clock Configuration
 107:Core/Src/main.c ****   * @retval None
 108:Core/Src/main.c ****   */
 109:Core/Src/main.c **** void SystemClock_Config(void)
 110:Core/Src/main.c **** {
 111:Core/Src/main.c ****   RCC_OscInitTypeDef RCC_OscInitStruct = {0};
 112:Core/Src/main.c ****   RCC_ClkInitTypeDef RCC_ClkInitStruct = {0};
 113:Core/Src/main.c **** 
 114:Core/Src/main.c ****   /** Initializes the RCC Oscillators according to the specified parameters
 115:Core/Src/main.c ****   * in the RCC_OscInitTypeDef structure.
 116:Core/Src/main.c ****   */
 117:Core/Src/main.c ****   RCC_OscInitStruct.OscillatorType = RCC_OSCILLATORTYPE_HSI;
 118:Core/Src/main.c ****   RCC_OscInitStruct.HSIState = RCC_HSI_ON;
 119:Core/Src/main.c ****   RCC_OscInitStruct.HSICalibrationValue = RCC_HSICALIBRATION_DEFAULT;
 120:Core/Src/main.c ****   RCC_OscInitStruct.PLL.PLLState = RCC_PLL_ON;
 121:Core/Src/main.c ****   RCC_OscInitStruct.PLL.PLLSource = RCC_PLLSOURCE_HSI_DIV2;
 122:Core/Src/main.c ****   RCC_OscInitStruct.PLL.PLLMUL = RCC_PLL_MUL16;
 123:Core/Src/main.c ****   if (HAL_RCC_OscConfig(&RCC_OscInitStruct) != HAL_OK)
 124:Core/Src/main.c ****   {
 125:Core/Src/main.c ****     Error_Handler();
 126:Core/Src/main.c ****   }
 127:Core/Src/main.c **** 
 128:Core/Src/main.c ****   /** Initializes the CPU, AHB and APB buses clocks
 129:Core/Src/main.c ****   */
 130:Core/Src/main.c ****   RCC_ClkInitStruct.ClockType = RCC_CLOCKTYPE_HCLK|RCC_CLOCKTYPE_SYSCLK
 131:Core/Src/main.c ****                               |RCC_CLOCKTYPE_PCLK1|RCC_CLOCKTYPE_PCLK2;
 132:Core/Src/main.c ****   RCC_ClkInitStruct.SYSCLKSource = RCC_SYSCLKSOURCE_PLLCLK;
 133:Core/Src/main.c ****   RCC_ClkInitStruct.AHBCLKDivider = RCC_SYSCLK_DIV1;
 134:Core/Src/main.c ****   RCC_ClkInitStruct.APB1CLKDivider = RCC_HCLK_DIV2;
 135:Core/Src/main.c ****   RCC_ClkInitStruct.APB2CLKDivider = RCC_HCLK_DIV1;
 136:Core/Src/main.c **** 
 137:Core/Src/main.c ****   if (HAL_RCC_ClockConfig(&RCC_ClkInitStruct, FLASH_LATENCY_2) != HAL_OK)
 138:Core/Src/main.c ****   {
 139:Core/Src/main.c ****     Error_Handler();
 140:Core/Src/main.c ****   }
 141:Core/Src/main.c **** }
 142:Core/Src/main.c **** 
 143:Core/Src/main.c **** /**
 144:Core/Src/main.c ****   * @brief GPIO Initialization Function
 145:Core/Src/main.c ****   * @param None
 146:Core/Src/main.c ****   * @retval None
 147:Core/Src/main.c ****   */
ARM GAS  C:\Users\Nikola\AppData\Local\Temp\ccirHRVz.s 			page 4


 148:Core/Src/main.c **** static void MX_GPIO_Init(void)
 149:Core/Src/main.c **** {
  26              		.loc 1 149 1 view -0
  27              		.cfi_startproc
  28              		@ args = 0, pretend = 0, frame = 24
  29              		@ frame_needed = 0, uses_anonymous_args = 0
  30 0000 30B5     		push	{r4, r5, lr}
  31              		.cfi_def_cfa_offset 12
  32              		.cfi_offset 4, -12
  33              		.cfi_offset 5, -8
  34              		.cfi_offset 14, -4
  35 0002 87B0     		sub	sp, sp, #28
  36              		.cfi_def_cfa_offset 40
 150:Core/Src/main.c ****   GPIO_InitTypeDef GPIO_InitStruct = {0};
  37              		.loc 1 150 3 view .LVU1
  38              		.loc 1 150 20 is_stmt 0 view .LVU2
  39 0004 0024     		movs	r4, #0
  40 0006 0294     		str	r4, [sp, #8]
  41 0008 0394     		str	r4, [sp, #12]
  42 000a 0494     		str	r4, [sp, #16]
  43 000c 0594     		str	r4, [sp, #20]
 151:Core/Src/main.c **** /* USER CODE BEGIN MX_GPIO_Init_1 */
 152:Core/Src/main.c **** /* USER CODE END MX_GPIO_Init_1 */
 153:Core/Src/main.c **** 
 154:Core/Src/main.c ****   /* GPIO Ports Clock Enable */
 155:Core/Src/main.c ****   __HAL_RCC_GPIOC_CLK_ENABLE();
  44              		.loc 1 155 3 is_stmt 1 view .LVU3
  45              	.LBB4:
  46              		.loc 1 155 3 view .LVU4
  47              		.loc 1 155 3 view .LVU5
  48 000e 0F4B     		ldr	r3, .L3
  49 0010 9A69     		ldr	r2, [r3, #24]
  50 0012 42F01002 		orr	r2, r2, #16
  51 0016 9A61     		str	r2, [r3, #24]
  52              		.loc 1 155 3 view .LVU6
  53 0018 9B69     		ldr	r3, [r3, #24]
  54 001a 03F01003 		and	r3, r3, #16
  55 001e 0193     		str	r3, [sp, #4]
  56              		.loc 1 155 3 view .LVU7
  57 0020 019B     		ldr	r3, [sp, #4]
  58              	.LBE4:
  59              		.loc 1 155 3 view .LVU8
 156:Core/Src/main.c **** 
 157:Core/Src/main.c ****   /*Configure GPIO pin Output Level */
 158:Core/Src/main.c ****   HAL_GPIO_WritePin(GPIOC, GPIO_PIN_13, GPIO_PIN_RESET);
  60              		.loc 1 158 3 view .LVU9
  61 0022 0B4D     		ldr	r5, .L3+4
  62 0024 2246     		mov	r2, r4
  63 0026 4FF40051 		mov	r1, #8192
  64 002a 2846     		mov	r0, r5
  65 002c FFF7FEFF 		bl	HAL_GPIO_WritePin
  66              	.LVL0:
 159:Core/Src/main.c **** 
 160:Core/Src/main.c ****   /*Configure GPIO pin : PC13 */
 161:Core/Src/main.c ****   GPIO_InitStruct.Pin = GPIO_PIN_13;
  67              		.loc 1 161 3 view .LVU10
  68              		.loc 1 161 23 is_stmt 0 view .LVU11
ARM GAS  C:\Users\Nikola\AppData\Local\Temp\ccirHRVz.s 			page 5


  69 0030 4FF40053 		mov	r3, #8192
  70 0034 0293     		str	r3, [sp, #8]
 162:Core/Src/main.c ****   GPIO_InitStruct.Mode = GPIO_MODE_OUTPUT_PP;
  71              		.loc 1 162 3 is_stmt 1 view .LVU12
  72              		.loc 1 162 24 is_stmt 0 view .LVU13
  73 0036 0123     		movs	r3, #1
  74 0038 0393     		str	r3, [sp, #12]
 163:Core/Src/main.c ****   GPIO_InitStruct.Pull = GPIO_NOPULL;
  75              		.loc 1 163 3 is_stmt 1 view .LVU14
  76              		.loc 1 163 24 is_stmt 0 view .LVU15
  77 003a 0494     		str	r4, [sp, #16]
 164:Core/Src/main.c ****   GPIO_InitStruct.Speed = GPIO_SPEED_FREQ_LOW;
  78              		.loc 1 164 3 is_stmt 1 view .LVU16
  79              		.loc 1 164 25 is_stmt 0 view .LVU17
  80 003c 0223     		movs	r3, #2
  81 003e 0593     		str	r3, [sp, #20]
 165:Core/Src/main.c ****   HAL_GPIO_Init(GPIOC, &GPIO_InitStruct);
  82              		.loc 1 165 3 is_stmt 1 view .LVU18
  83 0040 02A9     		add	r1, sp, #8
  84 0042 2846     		mov	r0, r5
  85 0044 FFF7FEFF 		bl	HAL_GPIO_Init
  86              	.LVL1:
 166:Core/Src/main.c **** 
 167:Core/Src/main.c **** /* USER CODE BEGIN MX_GPIO_Init_2 */
 168:Core/Src/main.c **** /* USER CODE END MX_GPIO_Init_2 */
 169:Core/Src/main.c **** }
  87              		.loc 1 169 1 is_stmt 0 view .LVU19
  88 0048 07B0     		add	sp, sp, #28
  89              		.cfi_def_cfa_offset 12
  90              		@ sp needed
  91 004a 30BD     		pop	{r4, r5, pc}
  92              	.L4:
  93              		.align	2
  94              	.L3:
  95 004c 00100240 		.word	1073876992
  96 0050 00100140 		.word	1073811456
  97              		.cfi_endproc
  98              	.LFE67:
 100              		.section	.text.Error_Handler,"ax",%progbits
 101              		.align	1
 102              		.global	Error_Handler
 103              		.syntax unified
 104              		.thumb
 105              		.thumb_func
 107              	Error_Handler:
 108              	.LFB68:
 170:Core/Src/main.c **** 
 171:Core/Src/main.c **** /* USER CODE BEGIN 4 */
 172:Core/Src/main.c **** 
 173:Core/Src/main.c **** /* USER CODE END 4 */
 174:Core/Src/main.c **** 
 175:Core/Src/main.c **** /**
 176:Core/Src/main.c ****   * @brief  This function is executed in case of error occurrence.
 177:Core/Src/main.c ****   * @retval None
 178:Core/Src/main.c ****   */
 179:Core/Src/main.c **** void Error_Handler(void)
 180:Core/Src/main.c **** {
ARM GAS  C:\Users\Nikola\AppData\Local\Temp\ccirHRVz.s 			page 6


 109              		.loc 1 180 1 is_stmt 1 view -0
 110              		.cfi_startproc
 111              		@ Volatile: function does not return.
 112              		@ args = 0, pretend = 0, frame = 0
 113              		@ frame_needed = 0, uses_anonymous_args = 0
 114              		@ link register save eliminated.
 181:Core/Src/main.c ****   /* USER CODE BEGIN Error_Handler_Debug */
 182:Core/Src/main.c ****   /* User can add his own implementation to report the HAL error return state */
 183:Core/Src/main.c ****   __disable_irq();
 115              		.loc 1 183 3 view .LVU21
 116              	.LBB5:
 117              	.LBI5:
 118              		.file 2 "Drivers/CMSIS/Include/cmsis_gcc.h"
   1:Drivers/CMSIS/Include/cmsis_gcc.h **** /**************************************************************************//**
   2:Drivers/CMSIS/Include/cmsis_gcc.h ****  * @file     cmsis_gcc.h
   3:Drivers/CMSIS/Include/cmsis_gcc.h ****  * @brief    CMSIS compiler GCC header file
   4:Drivers/CMSIS/Include/cmsis_gcc.h ****  * @version  V5.0.4
   5:Drivers/CMSIS/Include/cmsis_gcc.h ****  * @date     09. April 2018
   6:Drivers/CMSIS/Include/cmsis_gcc.h ****  ******************************************************************************/
   7:Drivers/CMSIS/Include/cmsis_gcc.h **** /*
   8:Drivers/CMSIS/Include/cmsis_gcc.h ****  * Copyright (c) 2009-2018 Arm Limited. All rights reserved.
   9:Drivers/CMSIS/Include/cmsis_gcc.h ****  *
  10:Drivers/CMSIS/Include/cmsis_gcc.h ****  * SPDX-License-Identifier: Apache-2.0
  11:Drivers/CMSIS/Include/cmsis_gcc.h ****  *
  12:Drivers/CMSIS/Include/cmsis_gcc.h ****  * Licensed under the Apache License, Version 2.0 (the License); you may
  13:Drivers/CMSIS/Include/cmsis_gcc.h ****  * not use this file except in compliance with the License.
  14:Drivers/CMSIS/Include/cmsis_gcc.h ****  * You may obtain a copy of the License at
  15:Drivers/CMSIS/Include/cmsis_gcc.h ****  *
  16:Drivers/CMSIS/Include/cmsis_gcc.h ****  * www.apache.org/licenses/LICENSE-2.0
  17:Drivers/CMSIS/Include/cmsis_gcc.h ****  *
  18:Drivers/CMSIS/Include/cmsis_gcc.h ****  * Unless required by applicable law or agreed to in writing, software
  19:Drivers/CMSIS/Include/cmsis_gcc.h ****  * distributed under the License is distributed on an AS IS BASIS, WITHOUT
  20:Drivers/CMSIS/Include/cmsis_gcc.h ****  * WARRANTIES OR CONDITIONS OF ANY KIND, either express or implied.
  21:Drivers/CMSIS/Include/cmsis_gcc.h ****  * See the License for the specific language governing permissions and
  22:Drivers/CMSIS/Include/cmsis_gcc.h ****  * limitations under the License.
  23:Drivers/CMSIS/Include/cmsis_gcc.h ****  */
  24:Drivers/CMSIS/Include/cmsis_gcc.h **** 
  25:Drivers/CMSIS/Include/cmsis_gcc.h **** #ifndef __CMSIS_GCC_H
  26:Drivers/CMSIS/Include/cmsis_gcc.h **** #define __CMSIS_GCC_H
  27:Drivers/CMSIS/Include/cmsis_gcc.h **** 
  28:Drivers/CMSIS/Include/cmsis_gcc.h **** /* ignore some GCC warnings */
  29:Drivers/CMSIS/Include/cmsis_gcc.h **** #pragma GCC diagnostic push
  30:Drivers/CMSIS/Include/cmsis_gcc.h **** #pragma GCC diagnostic ignored "-Wsign-conversion"
  31:Drivers/CMSIS/Include/cmsis_gcc.h **** #pragma GCC diagnostic ignored "-Wconversion"
  32:Drivers/CMSIS/Include/cmsis_gcc.h **** #pragma GCC diagnostic ignored "-Wunused-parameter"
  33:Drivers/CMSIS/Include/cmsis_gcc.h **** 
  34:Drivers/CMSIS/Include/cmsis_gcc.h **** /* Fallback for __has_builtin */
  35:Drivers/CMSIS/Include/cmsis_gcc.h **** #ifndef __has_builtin
  36:Drivers/CMSIS/Include/cmsis_gcc.h ****   #define __has_builtin(x) (0)
  37:Drivers/CMSIS/Include/cmsis_gcc.h **** #endif
  38:Drivers/CMSIS/Include/cmsis_gcc.h **** 
  39:Drivers/CMSIS/Include/cmsis_gcc.h **** /* CMSIS compiler specific defines */
  40:Drivers/CMSIS/Include/cmsis_gcc.h **** #ifndef   __ASM
  41:Drivers/CMSIS/Include/cmsis_gcc.h ****   #define __ASM                                  __asm
  42:Drivers/CMSIS/Include/cmsis_gcc.h **** #endif
  43:Drivers/CMSIS/Include/cmsis_gcc.h **** #ifndef   __INLINE
  44:Drivers/CMSIS/Include/cmsis_gcc.h ****   #define __INLINE                               inline
ARM GAS  C:\Users\Nikola\AppData\Local\Temp\ccirHRVz.s 			page 7


  45:Drivers/CMSIS/Include/cmsis_gcc.h **** #endif
  46:Drivers/CMSIS/Include/cmsis_gcc.h **** #ifndef   __STATIC_INLINE
  47:Drivers/CMSIS/Include/cmsis_gcc.h ****   #define __STATIC_INLINE                        static inline
  48:Drivers/CMSIS/Include/cmsis_gcc.h **** #endif
  49:Drivers/CMSIS/Include/cmsis_gcc.h **** #ifndef   __STATIC_FORCEINLINE                 
  50:Drivers/CMSIS/Include/cmsis_gcc.h ****   #define __STATIC_FORCEINLINE                   __attribute__((always_inline)) static inline
  51:Drivers/CMSIS/Include/cmsis_gcc.h **** #endif                                           
  52:Drivers/CMSIS/Include/cmsis_gcc.h **** #ifndef   __NO_RETURN
  53:Drivers/CMSIS/Include/cmsis_gcc.h ****   #define __NO_RETURN                            __attribute__((__noreturn__))
  54:Drivers/CMSIS/Include/cmsis_gcc.h **** #endif
  55:Drivers/CMSIS/Include/cmsis_gcc.h **** #ifndef   __USED
  56:Drivers/CMSIS/Include/cmsis_gcc.h ****   #define __USED                                 __attribute__((used))
  57:Drivers/CMSIS/Include/cmsis_gcc.h **** #endif
  58:Drivers/CMSIS/Include/cmsis_gcc.h **** #ifndef   __WEAK
  59:Drivers/CMSIS/Include/cmsis_gcc.h ****   #define __WEAK                                 __attribute__((weak))
  60:Drivers/CMSIS/Include/cmsis_gcc.h **** #endif
  61:Drivers/CMSIS/Include/cmsis_gcc.h **** #ifndef   __PACKED
  62:Drivers/CMSIS/Include/cmsis_gcc.h ****   #define __PACKED                               __attribute__((packed, aligned(1)))
  63:Drivers/CMSIS/Include/cmsis_gcc.h **** #endif
  64:Drivers/CMSIS/Include/cmsis_gcc.h **** #ifndef   __PACKED_STRUCT
  65:Drivers/CMSIS/Include/cmsis_gcc.h ****   #define __PACKED_STRUCT                        struct __attribute__((packed, aligned(1)))
  66:Drivers/CMSIS/Include/cmsis_gcc.h **** #endif
  67:Drivers/CMSIS/Include/cmsis_gcc.h **** #ifndef   __PACKED_UNION
  68:Drivers/CMSIS/Include/cmsis_gcc.h ****   #define __PACKED_UNION                         union __attribute__((packed, aligned(1)))
  69:Drivers/CMSIS/Include/cmsis_gcc.h **** #endif
  70:Drivers/CMSIS/Include/cmsis_gcc.h **** #ifndef   __UNALIGNED_UINT32        /* deprecated */
  71:Drivers/CMSIS/Include/cmsis_gcc.h ****   #pragma GCC diagnostic push
  72:Drivers/CMSIS/Include/cmsis_gcc.h ****   #pragma GCC diagnostic ignored "-Wpacked"
  73:Drivers/CMSIS/Include/cmsis_gcc.h ****   #pragma GCC diagnostic ignored "-Wattributes"
  74:Drivers/CMSIS/Include/cmsis_gcc.h ****   struct __attribute__((packed)) T_UINT32 { uint32_t v; };
  75:Drivers/CMSIS/Include/cmsis_gcc.h ****   #pragma GCC diagnostic pop
  76:Drivers/CMSIS/Include/cmsis_gcc.h ****   #define __UNALIGNED_UINT32(x)                  (((struct T_UINT32 *)(x))->v)
  77:Drivers/CMSIS/Include/cmsis_gcc.h **** #endif
  78:Drivers/CMSIS/Include/cmsis_gcc.h **** #ifndef   __UNALIGNED_UINT16_WRITE
  79:Drivers/CMSIS/Include/cmsis_gcc.h ****   #pragma GCC diagnostic push
  80:Drivers/CMSIS/Include/cmsis_gcc.h ****   #pragma GCC diagnostic ignored "-Wpacked"
  81:Drivers/CMSIS/Include/cmsis_gcc.h ****   #pragma GCC diagnostic ignored "-Wattributes"
  82:Drivers/CMSIS/Include/cmsis_gcc.h ****   __PACKED_STRUCT T_UINT16_WRITE { uint16_t v; };
  83:Drivers/CMSIS/Include/cmsis_gcc.h ****   #pragma GCC diagnostic pop
  84:Drivers/CMSIS/Include/cmsis_gcc.h ****   #define __UNALIGNED_UINT16_WRITE(addr, val)    (void)((((struct T_UINT16_WRITE *)(void *)(addr))-
  85:Drivers/CMSIS/Include/cmsis_gcc.h **** #endif
  86:Drivers/CMSIS/Include/cmsis_gcc.h **** #ifndef   __UNALIGNED_UINT16_READ
  87:Drivers/CMSIS/Include/cmsis_gcc.h ****   #pragma GCC diagnostic push
  88:Drivers/CMSIS/Include/cmsis_gcc.h ****   #pragma GCC diagnostic ignored "-Wpacked"
  89:Drivers/CMSIS/Include/cmsis_gcc.h ****   #pragma GCC diagnostic ignored "-Wattributes"
  90:Drivers/CMSIS/Include/cmsis_gcc.h ****   __PACKED_STRUCT T_UINT16_READ { uint16_t v; };
  91:Drivers/CMSIS/Include/cmsis_gcc.h ****   #pragma GCC diagnostic pop
  92:Drivers/CMSIS/Include/cmsis_gcc.h ****   #define __UNALIGNED_UINT16_READ(addr)          (((const struct T_UINT16_READ *)(const void *)(add
  93:Drivers/CMSIS/Include/cmsis_gcc.h **** #endif
  94:Drivers/CMSIS/Include/cmsis_gcc.h **** #ifndef   __UNALIGNED_UINT32_WRITE
  95:Drivers/CMSIS/Include/cmsis_gcc.h ****   #pragma GCC diagnostic push
  96:Drivers/CMSIS/Include/cmsis_gcc.h ****   #pragma GCC diagnostic ignored "-Wpacked"
  97:Drivers/CMSIS/Include/cmsis_gcc.h ****   #pragma GCC diagnostic ignored "-Wattributes"
  98:Drivers/CMSIS/Include/cmsis_gcc.h ****   __PACKED_STRUCT T_UINT32_WRITE { uint32_t v; };
  99:Drivers/CMSIS/Include/cmsis_gcc.h ****   #pragma GCC diagnostic pop
 100:Drivers/CMSIS/Include/cmsis_gcc.h ****   #define __UNALIGNED_UINT32_WRITE(addr, val)    (void)((((struct T_UINT32_WRITE *)(void *)(addr))-
 101:Drivers/CMSIS/Include/cmsis_gcc.h **** #endif
ARM GAS  C:\Users\Nikola\AppData\Local\Temp\ccirHRVz.s 			page 8


 102:Drivers/CMSIS/Include/cmsis_gcc.h **** #ifndef   __UNALIGNED_UINT32_READ
 103:Drivers/CMSIS/Include/cmsis_gcc.h ****   #pragma GCC diagnostic push
 104:Drivers/CMSIS/Include/cmsis_gcc.h ****   #pragma GCC diagnostic ignored "-Wpacked"
 105:Drivers/CMSIS/Include/cmsis_gcc.h ****   #pragma GCC diagnostic ignored "-Wattributes"
 106:Drivers/CMSIS/Include/cmsis_gcc.h ****   __PACKED_STRUCT T_UINT32_READ { uint32_t v; };
 107:Drivers/CMSIS/Include/cmsis_gcc.h ****   #pragma GCC diagnostic pop
 108:Drivers/CMSIS/Include/cmsis_gcc.h ****   #define __UNALIGNED_UINT32_READ(addr)          (((const struct T_UINT32_READ *)(const void *)(add
 109:Drivers/CMSIS/Include/cmsis_gcc.h **** #endif
 110:Drivers/CMSIS/Include/cmsis_gcc.h **** #ifndef   __ALIGNED
 111:Drivers/CMSIS/Include/cmsis_gcc.h ****   #define __ALIGNED(x)                           __attribute__((aligned(x)))
 112:Drivers/CMSIS/Include/cmsis_gcc.h **** #endif
 113:Drivers/CMSIS/Include/cmsis_gcc.h **** #ifndef   __RESTRICT
 114:Drivers/CMSIS/Include/cmsis_gcc.h ****   #define __RESTRICT                             __restrict
 115:Drivers/CMSIS/Include/cmsis_gcc.h **** #endif
 116:Drivers/CMSIS/Include/cmsis_gcc.h **** 
 117:Drivers/CMSIS/Include/cmsis_gcc.h **** 
 118:Drivers/CMSIS/Include/cmsis_gcc.h **** /* ###########################  Core Function Access  ########################### */
 119:Drivers/CMSIS/Include/cmsis_gcc.h **** /** \ingroup  CMSIS_Core_FunctionInterface
 120:Drivers/CMSIS/Include/cmsis_gcc.h ****     \defgroup CMSIS_Core_RegAccFunctions CMSIS Core Register Access Functions
 121:Drivers/CMSIS/Include/cmsis_gcc.h ****   @{
 122:Drivers/CMSIS/Include/cmsis_gcc.h ****  */
 123:Drivers/CMSIS/Include/cmsis_gcc.h **** 
 124:Drivers/CMSIS/Include/cmsis_gcc.h **** /**
 125:Drivers/CMSIS/Include/cmsis_gcc.h ****   \brief   Enable IRQ Interrupts
 126:Drivers/CMSIS/Include/cmsis_gcc.h ****   \details Enables IRQ interrupts by clearing the I-bit in the CPSR.
 127:Drivers/CMSIS/Include/cmsis_gcc.h ****            Can only be executed in Privileged modes.
 128:Drivers/CMSIS/Include/cmsis_gcc.h ****  */
 129:Drivers/CMSIS/Include/cmsis_gcc.h **** __STATIC_FORCEINLINE void __enable_irq(void)
 130:Drivers/CMSIS/Include/cmsis_gcc.h **** {
 131:Drivers/CMSIS/Include/cmsis_gcc.h ****   __ASM volatile ("cpsie i" : : : "memory");
 132:Drivers/CMSIS/Include/cmsis_gcc.h **** }
 133:Drivers/CMSIS/Include/cmsis_gcc.h **** 
 134:Drivers/CMSIS/Include/cmsis_gcc.h **** 
 135:Drivers/CMSIS/Include/cmsis_gcc.h **** /**
 136:Drivers/CMSIS/Include/cmsis_gcc.h ****   \brief   Disable IRQ Interrupts
 137:Drivers/CMSIS/Include/cmsis_gcc.h ****   \details Disables IRQ interrupts by setting the I-bit in the CPSR.
 138:Drivers/CMSIS/Include/cmsis_gcc.h ****            Can only be executed in Privileged modes.
 139:Drivers/CMSIS/Include/cmsis_gcc.h ****  */
 140:Drivers/CMSIS/Include/cmsis_gcc.h **** __STATIC_FORCEINLINE void __disable_irq(void)
 119              		.loc 2 140 27 view .LVU22
 120              	.LBB6:
 141:Drivers/CMSIS/Include/cmsis_gcc.h **** {
 142:Drivers/CMSIS/Include/cmsis_gcc.h ****   __ASM volatile ("cpsid i" : : : "memory");
 121              		.loc 2 142 3 view .LVU23
 122              		.syntax unified
 123              	@ 142 "Drivers/CMSIS/Include/cmsis_gcc.h" 1
 124 0000 72B6     		cpsid i
 125              	@ 0 "" 2
 126              		.thumb
 127              		.syntax unified
 128              	.L6:
 129              	.LBE6:
 130              	.LBE5:
 184:Core/Src/main.c ****   while (1)
 131              		.loc 1 184 3 view .LVU24
 185:Core/Src/main.c ****   {
 186:Core/Src/main.c ****   }
ARM GAS  C:\Users\Nikola\AppData\Local\Temp\ccirHRVz.s 			page 9


 132              		.loc 1 186 3 view .LVU25
 184:Core/Src/main.c ****   while (1)
 133              		.loc 1 184 9 view .LVU26
 134 0002 FEE7     		b	.L6
 135              		.cfi_endproc
 136              	.LFE68:
 138              		.section	.text.SystemClock_Config,"ax",%progbits
 139              		.align	1
 140              		.global	SystemClock_Config
 141              		.syntax unified
 142              		.thumb
 143              		.thumb_func
 145              	SystemClock_Config:
 146              	.LFB66:
 110:Core/Src/main.c ****   RCC_OscInitTypeDef RCC_OscInitStruct = {0};
 147              		.loc 1 110 1 view -0
 148              		.cfi_startproc
 149              		@ args = 0, pretend = 0, frame = 64
 150              		@ frame_needed = 0, uses_anonymous_args = 0
 151 0000 00B5     		push	{lr}
 152              		.cfi_def_cfa_offset 4
 153              		.cfi_offset 14, -4
 154 0002 91B0     		sub	sp, sp, #68
 155              		.cfi_def_cfa_offset 72
 111:Core/Src/main.c ****   RCC_ClkInitTypeDef RCC_ClkInitStruct = {0};
 156              		.loc 1 111 3 view .LVU28
 111:Core/Src/main.c ****   RCC_ClkInitTypeDef RCC_ClkInitStruct = {0};
 157              		.loc 1 111 22 is_stmt 0 view .LVU29
 158 0004 2822     		movs	r2, #40
 159 0006 0021     		movs	r1, #0
 160 0008 06A8     		add	r0, sp, #24
 161 000a FFF7FEFF 		bl	memset
 162              	.LVL2:
 112:Core/Src/main.c **** 
 163              		.loc 1 112 3 is_stmt 1 view .LVU30
 112:Core/Src/main.c **** 
 164              		.loc 1 112 22 is_stmt 0 view .LVU31
 165 000e 0023     		movs	r3, #0
 166 0010 0193     		str	r3, [sp, #4]
 167 0012 0293     		str	r3, [sp, #8]
 168 0014 0393     		str	r3, [sp, #12]
 169 0016 0493     		str	r3, [sp, #16]
 170 0018 0593     		str	r3, [sp, #20]
 117:Core/Src/main.c ****   RCC_OscInitStruct.HSIState = RCC_HSI_ON;
 171              		.loc 1 117 3 is_stmt 1 view .LVU32
 117:Core/Src/main.c ****   RCC_OscInitStruct.HSIState = RCC_HSI_ON;
 172              		.loc 1 117 36 is_stmt 0 view .LVU33
 173 001a 0223     		movs	r3, #2
 174 001c 0693     		str	r3, [sp, #24]
 118:Core/Src/main.c ****   RCC_OscInitStruct.HSICalibrationValue = RCC_HSICALIBRATION_DEFAULT;
 175              		.loc 1 118 3 is_stmt 1 view .LVU34
 118:Core/Src/main.c ****   RCC_OscInitStruct.HSICalibrationValue = RCC_HSICALIBRATION_DEFAULT;
 176              		.loc 1 118 30 is_stmt 0 view .LVU35
 177 001e 0122     		movs	r2, #1
 178 0020 0A92     		str	r2, [sp, #40]
 119:Core/Src/main.c ****   RCC_OscInitStruct.PLL.PLLState = RCC_PLL_ON;
 179              		.loc 1 119 3 is_stmt 1 view .LVU36
ARM GAS  C:\Users\Nikola\AppData\Local\Temp\ccirHRVz.s 			page 10


 119:Core/Src/main.c ****   RCC_OscInitStruct.PLL.PLLState = RCC_PLL_ON;
 180              		.loc 1 119 41 is_stmt 0 view .LVU37
 181 0022 1022     		movs	r2, #16
 182 0024 0B92     		str	r2, [sp, #44]
 120:Core/Src/main.c ****   RCC_OscInitStruct.PLL.PLLSource = RCC_PLLSOURCE_HSI_DIV2;
 183              		.loc 1 120 3 is_stmt 1 view .LVU38
 120:Core/Src/main.c ****   RCC_OscInitStruct.PLL.PLLSource = RCC_PLLSOURCE_HSI_DIV2;
 184              		.loc 1 120 34 is_stmt 0 view .LVU39
 185 0026 0D93     		str	r3, [sp, #52]
 121:Core/Src/main.c ****   RCC_OscInitStruct.PLL.PLLMUL = RCC_PLL_MUL16;
 186              		.loc 1 121 3 is_stmt 1 view .LVU40
 122:Core/Src/main.c ****   if (HAL_RCC_OscConfig(&RCC_OscInitStruct) != HAL_OK)
 187              		.loc 1 122 3 view .LVU41
 122:Core/Src/main.c ****   if (HAL_RCC_OscConfig(&RCC_OscInitStruct) != HAL_OK)
 188              		.loc 1 122 32 is_stmt 0 view .LVU42
 189 0028 4FF46013 		mov	r3, #3670016
 190 002c 0F93     		str	r3, [sp, #60]
 123:Core/Src/main.c ****   {
 191              		.loc 1 123 3 is_stmt 1 view .LVU43
 123:Core/Src/main.c ****   {
 192              		.loc 1 123 7 is_stmt 0 view .LVU44
 193 002e 06A8     		add	r0, sp, #24
 194 0030 FFF7FEFF 		bl	HAL_RCC_OscConfig
 195              	.LVL3:
 123:Core/Src/main.c ****   {
 196              		.loc 1 123 6 discriminator 1 view .LVU45
 197 0034 80B9     		cbnz	r0, .L11
 130:Core/Src/main.c ****                               |RCC_CLOCKTYPE_PCLK1|RCC_CLOCKTYPE_PCLK2;
 198              		.loc 1 130 3 is_stmt 1 view .LVU46
 130:Core/Src/main.c ****                               |RCC_CLOCKTYPE_PCLK1|RCC_CLOCKTYPE_PCLK2;
 199              		.loc 1 130 31 is_stmt 0 view .LVU47
 200 0036 0F23     		movs	r3, #15
 201 0038 0193     		str	r3, [sp, #4]
 132:Core/Src/main.c ****   RCC_ClkInitStruct.AHBCLKDivider = RCC_SYSCLK_DIV1;
 202              		.loc 1 132 3 is_stmt 1 view .LVU48
 132:Core/Src/main.c ****   RCC_ClkInitStruct.AHBCLKDivider = RCC_SYSCLK_DIV1;
 203              		.loc 1 132 34 is_stmt 0 view .LVU49
 204 003a 0221     		movs	r1, #2
 205 003c 0291     		str	r1, [sp, #8]
 133:Core/Src/main.c ****   RCC_ClkInitStruct.APB1CLKDivider = RCC_HCLK_DIV2;
 206              		.loc 1 133 3 is_stmt 1 view .LVU50
 133:Core/Src/main.c ****   RCC_ClkInitStruct.APB1CLKDivider = RCC_HCLK_DIV2;
 207              		.loc 1 133 35 is_stmt 0 view .LVU51
 208 003e 0023     		movs	r3, #0
 209 0040 0393     		str	r3, [sp, #12]
 134:Core/Src/main.c ****   RCC_ClkInitStruct.APB2CLKDivider = RCC_HCLK_DIV1;
 210              		.loc 1 134 3 is_stmt 1 view .LVU52
 134:Core/Src/main.c ****   RCC_ClkInitStruct.APB2CLKDivider = RCC_HCLK_DIV1;
 211              		.loc 1 134 36 is_stmt 0 view .LVU53
 212 0042 4FF48062 		mov	r2, #1024
 213 0046 0492     		str	r2, [sp, #16]
 135:Core/Src/main.c **** 
 214              		.loc 1 135 3 is_stmt 1 view .LVU54
 135:Core/Src/main.c **** 
 215              		.loc 1 135 36 is_stmt 0 view .LVU55
 216 0048 0593     		str	r3, [sp, #20]
 137:Core/Src/main.c ****   {
ARM GAS  C:\Users\Nikola\AppData\Local\Temp\ccirHRVz.s 			page 11


 217              		.loc 1 137 3 is_stmt 1 view .LVU56
 137:Core/Src/main.c ****   {
 218              		.loc 1 137 7 is_stmt 0 view .LVU57
 219 004a 01A8     		add	r0, sp, #4
 220 004c FFF7FEFF 		bl	HAL_RCC_ClockConfig
 221              	.LVL4:
 137:Core/Src/main.c ****   {
 222              		.loc 1 137 6 discriminator 1 view .LVU58
 223 0050 20B9     		cbnz	r0, .L12
 141:Core/Src/main.c **** 
 224              		.loc 1 141 1 view .LVU59
 225 0052 11B0     		add	sp, sp, #68
 226              		.cfi_remember_state
 227              		.cfi_def_cfa_offset 4
 228              		@ sp needed
 229 0054 5DF804FB 		ldr	pc, [sp], #4
 230              	.L11:
 231              		.cfi_restore_state
 125:Core/Src/main.c ****   }
 232              		.loc 1 125 5 is_stmt 1 view .LVU60
 233 0058 FFF7FEFF 		bl	Error_Handler
 234              	.LVL5:
 235              	.L12:
 139:Core/Src/main.c ****   }
 236              		.loc 1 139 5 view .LVU61
 237 005c FFF7FEFF 		bl	Error_Handler
 238              	.LVL6:
 239              		.cfi_endproc
 240              	.LFE66:
 242              		.section	.text.main,"ax",%progbits
 243              		.align	1
 244              		.global	main
 245              		.syntax unified
 246              		.thumb
 247              		.thumb_func
 249              	main:
 250              	.LFB65:
  65:Core/Src/main.c ****   /* USER CODE BEGIN 1 */
 251              		.loc 1 65 1 view -0
 252              		.cfi_startproc
 253              		@ Volatile: function does not return.
 254              		@ args = 0, pretend = 0, frame = 0
 255              		@ frame_needed = 0, uses_anonymous_args = 0
 256 0000 08B5     		push	{r3, lr}
 257              		.cfi_def_cfa_offset 8
 258              		.cfi_offset 3, -8
 259              		.cfi_offset 14, -4
  73:Core/Src/main.c **** 
 260              		.loc 1 73 3 view .LVU63
 261 0002 FFF7FEFF 		bl	HAL_Init
 262              	.LVL7:
  80:Core/Src/main.c **** 
 263              		.loc 1 80 3 view .LVU64
 264 0006 FFF7FEFF 		bl	SystemClock_Config
 265              	.LVL8:
  87:Core/Src/main.c ****   /* USER CODE BEGIN 2 */
 266              		.loc 1 87 3 view .LVU65
ARM GAS  C:\Users\Nikola\AppData\Local\Temp\ccirHRVz.s 			page 12


 267 000a FFF7FEFF 		bl	MX_GPIO_Init
 268              	.LVL9:
 269              	.L14:
  94:Core/Src/main.c ****   {
 270              		.loc 1 94 3 view .LVU66
  97:Core/Src/main.c ****     HAL_Delay(500);
 271              		.loc 1 97 5 view .LVU67
 272 000e 4FF40051 		mov	r1, #8192
 273 0012 0448     		ldr	r0, .L16
 274 0014 FFF7FEFF 		bl	HAL_GPIO_TogglePin
 275              	.LVL10:
  98:Core/Src/main.c **** 
 276              		.loc 1 98 5 discriminator 1 view .LVU68
 277 0018 4FF4FA70 		mov	r0, #500
 278 001c FFF7FEFF 		bl	HAL_Delay
 279              	.LVL11:
  94:Core/Src/main.c ****   {
 280              		.loc 1 94 9 view .LVU69
 281 0020 F5E7     		b	.L14
 282              	.L17:
 283 0022 00BF     		.align	2
 284              	.L16:
 285 0024 00100140 		.word	1073811456
 286              		.cfi_endproc
 287              	.LFE65:
 289              		.text
 290              	.Letext0:
 291              		.file 3 "C:/Users/Nikola/AppData/Roaming/Code/User/globalStorage/bmd.stm32-for-vscode/@xpack-dev-t
 292              		.file 4 "C:/Users/Nikola/AppData/Roaming/Code/User/globalStorage/bmd.stm32-for-vscode/@xpack-dev-t
 293              		.file 5 "Drivers/CMSIS/Device/ST/STM32F1xx/Include/stm32f103xb.h"
 294              		.file 6 "Drivers/STM32F1xx_HAL_Driver/Inc/stm32f1xx_hal_def.h"
 295              		.file 7 "Drivers/STM32F1xx_HAL_Driver/Inc/stm32f1xx_hal_rcc.h"
 296              		.file 8 "Drivers/STM32F1xx_HAL_Driver/Inc/stm32f1xx_hal_rcc_ex.h"
 297              		.file 9 "Drivers/STM32F1xx_HAL_Driver/Inc/stm32f1xx_hal_gpio.h"
 298              		.file 10 "Drivers/STM32F1xx_HAL_Driver/Inc/stm32f1xx_hal.h"
 299              		.file 11 "<built-in>"
ARM GAS  C:\Users\Nikola\AppData\Local\Temp\ccirHRVz.s 			page 13


DEFINED SYMBOLS
                            *ABS*:00000000 main.c
C:\Users\Nikola\AppData\Local\Temp\ccirHRVz.s:19     .text.MX_GPIO_Init:00000000 $t
C:\Users\Nikola\AppData\Local\Temp\ccirHRVz.s:24     .text.MX_GPIO_Init:00000000 MX_GPIO_Init
C:\Users\Nikola\AppData\Local\Temp\ccirHRVz.s:95     .text.MX_GPIO_Init:0000004c $d
C:\Users\Nikola\AppData\Local\Temp\ccirHRVz.s:101    .text.Error_Handler:00000000 $t
C:\Users\Nikola\AppData\Local\Temp\ccirHRVz.s:107    .text.Error_Handler:00000000 Error_Handler
C:\Users\Nikola\AppData\Local\Temp\ccirHRVz.s:139    .text.SystemClock_Config:00000000 $t
C:\Users\Nikola\AppData\Local\Temp\ccirHRVz.s:145    .text.SystemClock_Config:00000000 SystemClock_Config
C:\Users\Nikola\AppData\Local\Temp\ccirHRVz.s:243    .text.main:00000000 $t
C:\Users\Nikola\AppData\Local\Temp\ccirHRVz.s:249    .text.main:00000000 main
C:\Users\Nikola\AppData\Local\Temp\ccirHRVz.s:285    .text.main:00000024 $d

UNDEFINED SYMBOLS
HAL_GPIO_WritePin
HAL_GPIO_Init
memset
HAL_RCC_OscConfig
HAL_RCC_ClockConfig
HAL_Init
HAL_GPIO_TogglePin
HAL_Delay
